#
# There is insufficient memory for the Java Runtime Environment to continue.
# Native memory allocation (malloc) failed to allocate 32744 bytes for ChunkPool::allocate
# Possible reasons:
#   The system is out of physical RAM or swap space
#   The process is running with CompressedOops enabled, and the Java Heap may be blocking the growth of the native heap
# Possible solutions:
#   Reduce memory load on the system
#   Increase physical memory or swap space
#   Check if swap backing store is full
#   Decrease Java heap size (-Xmx/-Xms)
#   Decrease number of Java threads
#   Decrease Java thread stack sizes (-Xss)
#   Set larger code cache with -XX:ReservedCodeCacheSize=
#   JVM is running with Unscaled Compressed Oops mode in which the Java heap is
#     placed in the first 4GB address space. The Java Heap base address is the
#     maximum limit for the native heap growth. Please use -XX:HeapBaseMinAddress
#     to set the Java Heap base and to place the Java Heap above 4GB virtual address.
# This output file may be truncated or incomplete.
#
#  Out of Memory Error (./src/hotspot/share/memory/arena.cpp:81), pid=7552, tid=7788
#
# JRE version: OpenJDK Runtime Environment (11.0.10) (build 11.0.10+0-b96-7249189)
# Java VM: OpenJDK 64-Bit Server VM (11.0.10+0-b96-7249189, mixed mode, tiered, compressed oops, g1 gc, windows-amd64)
# No core dump will be written. Minidumps are not enabled by default on client versions of Windows
#

---------------  S U M M A R Y ------------

Command Line: --add-opens=java.base/java.util=ALL-UNNAMED --add-opens=java.base/java.lang=ALL-UNNAMED --add-opens=java.base/java.lang.invoke=ALL-UNNAMED --add-opens=java.prefs/java.util.prefs=ALL-UNNAMED -Xmx1536m -Dfile.encoding=windows-1252 -Duser.country=BR -Duser.language=pt -Duser.variant org.gradle.launcher.daemon.bootstrap.GradleDaemon 6.9

Host: Intel(R) Core(TM) i5-5200U CPU @ 2.20GHz, 4 cores, 7G,  Windows 10 , 64 bit Build 19041 (10.0.19041.1348)
Time: Wed Dec 22 17:03:12 2021 Hora oficial do Brasil elapsed time: 60.213793 seconds (0d 0h 1m 0s)

---------------  T H R E A D  ---------------

Current thread (0x0000025605148800):  JavaThread "C2 CompilerThread1" daemon [_thread_in_native, id=7788, stack(0x000000f7a0f00000,0x000000f7a1000000)]


Current CompileTask:
C2:  60213 10249       4       org.gradle.tooling.internal.adapter.ProtocolToModelAdapter$InvocationHandlerImpl::invoke (176 bytes)

Stack: [0x000000f7a0f00000,0x000000f7a1000000]
Native frames: (J=compiled Java code, j=interpreted, Vv=VM code, C=native code)
V  [jvm.dll+0x5ecfaa]
V  [jvm.dll+0x722bd5]
V  [jvm.dll+0x72412d]
V  [jvm.dll+0x7247e3]
V  [jvm.dll+0x242928]
V  [jvm.dll+0xbc75b]
V  [jvm.dll+0xbca0c]
V  [jvm.dll+0x35807e]
V  [jvm.dll+0x4ea2f4]
V  [jvm.dll+0x198021]
V  [jvm.dll+0x1fb70e]
V  [jvm.dll+0x1fa7f4]
V  [jvm.dll+0x18354c]
V  [jvm.dll+0x208ee7]
V  [jvm.dll+0x207731]
V  [jvm.dll+0x6eb1cf]
V  [jvm.dll+0x6e3d45]
V  [jvm.dll+0x5ebe96]
C  [ucrtbase.dll+0x21bb2]
C  [KERNEL32.DLL+0x17034]
C  [ntdll.dll+0x52651]


---------------  P R O C E S S  ---------------

Threads class SMR info:
_java_thread_list=0x0000025605ea3770, length=134, elements={
0x0000025666478800, 0x000002567ed4c000, 0x000002567ed4d000, 0x000002567f6f5800,
0x000002567f6f8000, 0x000002567f6fc000, 0x000002567f6ff800, 0x000002567ed67000,
0x000002567ed70000, 0x000002567f859000, 0x000002560251a800, 0x0000025601b40000,
0x0000025600a6c800, 0x00000256015d9000, 0x0000025601d7c000, 0x00000256006ff000,
0x0000025600700000, 0x0000025601d7a800, 0x0000025601bc1800, 0x0000025601bbd800,
0x0000025601bc4000, 0x0000025601bc3000, 0x0000025601bbe000, 0x0000025601bbf000,
0x0000025601bbf800, 0x0000025601bc2000, 0x0000025601bc0800, 0x0000025602166000,
0x0000025602167000, 0x0000025602164800, 0x000002560216a000, 0x000002560216b000,
0x0000025602169000, 0x0000025602167800, 0x0000025602168800, 0x0000025602165000,
0x000002560216b800, 0x000002560216d800, 0x000002560216f000, 0x0000025602170800,
0x0000025602170000, 0x0000025602171800, 0x000002560216e000, 0x0000025602172000,
0x000002560216c800, 0x0000025602173000, 0x0000025602f14800, 0x0000025602f17800,
0x0000025602f17000, 0x0000025602f15000, 0x0000025602f12800, 0x0000025602f1a000,
0x0000025602f18800, 0x0000025602f19800, 0x0000025602f1b000, 0x0000025602f1b800,
0x0000025602f16000, 0x0000025602f20000, 0x0000025602f20800, 0x0000025602f1c800,
0x0000025602f1d800, 0x0000025602f1f000, 0x0000025602f1e000, 0x00000256029f9800,
0x00000256029fa800, 0x00000256029fb800, 0x00000256029f8000, 0x00000256029fd800,
0x00000256029fc000, 0x00000256029fd000, 0x00000256029fe800, 0x00000256029f9000,
0x0000025602a04800, 0x00000256029ff800, 0x0000025602a00000, 0x0000025602a01000,
0x0000025602a05000, 0x0000025602a06000, 0x0000025602a02000, 0x0000025602a03800,
0x0000025602a06800, 0x0000025602a02800, 0x000002560223b800, 0x000002560223c000,
0x0000025602239800, 0x000002560223e800, 0x000002560223d000, 0x000002560223e000,
0x0000025602240000, 0x000002560223f800, 0x000002560223a800, 0x0000025602242000,
0x0000025602242800, 0x0000025602246000, 0x0000025602243800, 0x0000025602245000,
0x0000025602241000, 0x0000025602244800, 0x0000025602246800, 0x0000025602247800,
0x0000025602248800, 0x0000025603616000, 0x0000025603616800, 0x0000025603619000,
0x0000025603617800, 0x0000025603618000, 0x0000025603613800, 0x0000025603615000,
0x0000025603614000, 0x000002560361d000, 0x000002560361b800, 0x000002560361f800,
0x000002560361a800, 0x000002560361a000, 0x000002560361c800, 0x0000025603620800,
0x000002560361e000, 0x0000025603621000, 0x0000025603622000, 0x000002560361f000,
0x000002560267d000, 0x0000025602677800, 0x000002560267e000, 0x0000025602678800,
0x000002560267b800, 0x000002560267c800, 0x000002560267f000, 0x0000025602679000,
0x000002560267f800, 0x000002560267a000, 0x0000025602680800, 0x000002560267a800,
0x0000025602681800, 0x0000025605148800
}

Java Threads: ( => current thread )
  0x0000025666478800 JavaThread "main" [_thread_blocked, id=5108, stack(0x000000f797f00000,0x000000f798000000)]
  0x000002567ed4c000 JavaThread "Reference Handler" daemon [_thread_blocked, id=10360, stack(0x000000f798600000,0x000000f798700000)]
  0x000002567ed4d000 JavaThread "Finalizer" daemon [_thread_blocked, id=4772, stack(0x000000f798700000,0x000000f798800000)]
  0x000002567f6f5800 JavaThread "Signal Dispatcher" daemon [_thread_blocked, id=9352, stack(0x000000f798800000,0x000000f798900000)]
  0x000002567f6f8000 JavaThread "Attach Listener" daemon [_thread_blocked, id=6828, stack(0x000000f798900000,0x000000f798a00000)]
  0x000002567f6fc000 JavaThread "Service Thread" daemon [_thread_blocked, id=8432, stack(0x000000f798a00000,0x000000f798b00000)]
  0x000002567f6ff800 JavaThread "C2 CompilerThread0" daemon [_thread_in_native, id=2360, stack(0x000000f798b00000,0x000000f798c00000)]
  0x000002567ed67000 JavaThread "C1 CompilerThread0" daemon [_thread_blocked, id=7272, stack(0x000000f798c00000,0x000000f798d00000)]
  0x000002567ed70000 JavaThread "Sweeper thread" daemon [_thread_blocked, id=7928, stack(0x000000f798d00000,0x000000f798e00000)]
  0x000002567f859000 JavaThread "Common-Cleaner" daemon [_thread_blocked, id=4536, stack(0x000000f798e00000,0x000000f798f00000)]
  0x000002560251a800 JavaThread "Daemon health stats" [_thread_blocked, id=1488, stack(0x000000f799300000,0x000000f799400000)]
  0x0000025601b40000 JavaThread "Incoming local TCP Connector on port 50825" [_thread_in_native, id=9728, stack(0x000000f799000000,0x000000f799100000)]
  0x0000025600a6c800 JavaThread "Daemon periodic checks" [_thread_blocked, id=7108, stack(0x000000f799400000,0x000000f799500000)]
  0x00000256015d9000 JavaThread "Daemon" [_thread_blocked, id=10376, stack(0x000000f799500000,0x000000f799600000)]
  0x0000025601d7c000 JavaThread "Handler for socket connection from /127.0.0.1:50825 to /127.0.0.1:50826" [_thread_in_native, id=6236, stack(0x000000f799600000,0x000000f799700000)]
  0x00000256006ff000 JavaThread "Cancel handler" [_thread_blocked, id=10076, stack(0x000000f799700000,0x000000f799800000)]
  0x0000025600700000 JavaThread "Daemon worker" [_thread_in_vm, id=2904, stack(0x000000f799800000,0x000000f799900000)]
  0x0000025601d7a800 JavaThread "Asynchronous log dispatcher for DefaultDaemonConnection: socket connection from /127.0.0.1:50825 to /127.0.0.1:50826" [_thread_blocked, id=10708, stack(0x000000f799900000,0x000000f799a00000)]
  0x0000025601bc1800 JavaThread "Stdin handler" [_thread_blocked, id=2564, stack(0x000000f799a00000,0x000000f799b00000)]
  0x0000025601bbd800 JavaThread "Daemon client event forwarder" [_thread_blocked, id=10628, stack(0x000000f799c00000,0x000000f799d00000)]
  0x0000025601bc4000 JavaThread "Cache worker for file hash cache (C:\Users\ivanm\.gradle\caches\6.9\fileHashes)" [_thread_blocked, id=1108, stack(0x000000f799d00000,0x000000f799e00000)]
  0x0000025601bc3000 JavaThread "File lock request listener" [_thread_in_native, id=2928, stack(0x000000f799e00000,0x000000f799f00000)]
  0x0000025601bbe000 JavaThread "Cache worker for journal cache (C:\Users\ivanm\.gradle\caches\journal-1)" [_thread_blocked, id=3548, stack(0x000000f799f00000,0x000000f79a000000)]
  0x0000025601bbf000 JavaThread "File lock release action executor" [_thread_blocked, id=7208, stack(0x000000f79a000000,0x000000f79a100000)]
  0x0000025601bbf800 JavaThread "Cache worker for file hash cache (C:\Users\ivanm\versoes do aplicativo plantar\teste\.gradle\6.9\fileHashes)" [_thread_blocked, id=1956, stack(0x000000f79a100000,0x000000f79a200000)]
  0x0000025601bc2000 JavaThread "jar transforms" [_thread_blocked, id=7476, stack(0x000000f79a200000,0x000000f79a300000)]
  0x0000025601bc0800 JavaThread "jar transforms Thread 2" [_thread_blocked, id=7336, stack(0x000000f79a300000,0x000000f79a400000)]
  0x0000025602166000 JavaThread "jar transforms Thread 3" [_thread_blocked, id=9620, stack(0x000000f79a400000,0x000000f79a500000)]
  0x0000025602167000 JavaThread "jar transforms Thread 4" [_thread_blocked, id=5348, stack(0x000000f79a500000,0x000000f79a600000)]
  0x0000025602164800 JavaThread "jar transforms Thread 5" [_thread_blocked, id=2612, stack(0x000000f79a600000,0x000000f79a700000)]
  0x000002560216a000 JavaThread "jar transforms Thread 6" [_thread_blocked, id=6212, stack(0x000000f79a700000,0x000000f79a800000)]
  0x000002560216b000 JavaThread "jar transforms Thread 7" [_thread_blocked, id=7988, stack(0x000000f79a800000,0x000000f79a900000)]
  0x0000025602169000 JavaThread "jar transforms Thread 8" [_thread_blocked, id=6824, stack(0x000000f79a900000,0x000000f79aa00000)]
  0x0000025602167800 JavaThread "jar transforms Thread 9" [_thread_blocked, id=1312, stack(0x000000f79aa00000,0x000000f79ab00000)]
  0x0000025602168800 JavaThread "jar transforms Thread 10" [_thread_blocked, id=3496, stack(0x000000f79ab00000,0x000000f79ac00000)]
  0x0000025602165000 JavaThread "jar transforms Thread 11" [_thread_blocked, id=3720, stack(0x000000f79ac00000,0x000000f79ad00000)]
  0x000002560216b800 JavaThread "jar transforms Thread 12" [_thread_blocked, id=3676, stack(0x000000f79ad00000,0x000000f79ae00000)]
  0x000002560216d800 JavaThread "jar transforms Thread 13" [_thread_blocked, id=1396, stack(0x000000f79ae00000,0x000000f79af00000)]
  0x000002560216f000 JavaThread "jar transforms Thread 14" [_thread_blocked, id=1676, stack(0x000000f79b000000,0x000000f79b100000)]
  0x0000025602170800 JavaThread "jar transforms Thread 15" [_thread_blocked, id=5752, stack(0x000000f79b100000,0x000000f79b200000)]
  0x0000025602170000 JavaThread "jar transforms Thread 16" [_thread_blocked, id=10128, stack(0x000000f79b200000,0x000000f79b300000)]
  0x0000025602171800 JavaThread "jar transforms Thread 17" [_thread_blocked, id=9208, stack(0x000000f79b300000,0x000000f79b400000)]
  0x000002560216e000 JavaThread "jar transforms Thread 18" [_thread_blocked, id=4192, stack(0x000000f79b400000,0x000000f79b500000)]
  0x0000025602172000 JavaThread "jar transforms Thread 19" [_thread_blocked, id=3948, stack(0x000000f79b500000,0x000000f79b600000)]
  0x000002560216c800 JavaThread "jar transforms Thread 20" [_thread_blocked, id=3968, stack(0x000000f79b600000,0x000000f79b700000)]
  0x0000025602173000 JavaThread "Cache worker for checksums cache (C:\Users\ivanm\versoes do aplicativo plantar\teste\.gradle\checksums)" [_thread_blocked, id=9172, stack(0x000000f79af00000,0x000000f79b000000)]
  0x0000025602f14800 JavaThread "Cache worker for cache directory md-supplier (C:\Users\ivanm\.gradle\caches\6.9\md-supplier)" [_thread_blocked, id=11228, stack(0x000000f79b700000,0x000000f79b800000)]
  0x0000025602f17800 JavaThread "Cache worker for cache directory md-rule (C:\Users\ivanm\.gradle\caches\6.9\md-rule)" [_thread_blocked, id=4544, stack(0x000000f79b900000,0x000000f79ba00000)]
  0x0000025602f17000 JavaThread "Cache worker for execution history cache (C:\Users\ivanm\.gradle\caches\6.9\executionHistory)" [_thread_blocked, id=6092, stack(0x000000f79b800000,0x000000f79b900000)]
  0x0000025602f15000 JavaThread "Cache worker for file content cache (C:\Users\ivanm\.gradle\caches\6.9\fileContent)" [_thread_blocked, id=8728, stack(0x000000f79bb00000,0x000000f79bc00000)]
  0x0000025602f12800 JavaThread "Cache worker for Build Output Cleanup Cache (C:\Users\ivanm\versoes do aplicativo plantar\teste\.gradle\buildOutputCleanup)" [_thread_blocked, id=9840, stack(0x000000f79bc00000,0x000000f79bd00000)]
  0x0000025602f1a000 JavaThread "Build operations" [_thread_blocked, id=10260, stack(0x000000f79ba00000,0x000000f79bb00000)]
  0x0000025602f18800 JavaThread "Build operations Thread 2" [_thread_blocked, id=3024, stack(0x000000f79bd00000,0x000000f79be00000)]
  0x0000025602f19800 JavaThread "Build operations Thread 3" [_thread_blocked, id=9816, stack(0x000000f79be00000,0x000000f79bf00000)]
  0x0000025602f1b000 JavaThread "Build operations Thread 4" [_thread_blocked, id=1732, stack(0x000000f79bf00000,0x000000f79c000000)]
  0x0000025602f1b800 JavaThread "jar transforms Thread 21" [_thread_blocked, id=10000, stack(0x000000f79c000000,0x000000f79c100000)]
  0x0000025602f16000 JavaThread "jar transforms Thread 22" [_thread_blocked, id=4800, stack(0x000000f79c100000,0x000000f79c200000)]
  0x0000025602f20000 JavaThread "jar transforms Thread 23" [_thread_blocked, id=6228, stack(0x000000f79c200000,0x000000f79c300000)]
  0x0000025602f20800 JavaThread "jar transforms Thread 24" [_thread_blocked, id=7300, stack(0x000000f79c300000,0x000000f79c400000)]
  0x0000025602f1c800 JavaThread "jar transforms Thread 25" [_thread_blocked, id=5672, stack(0x000000f79c400000,0x000000f79c500000)]
  0x0000025602f1d800 JavaThread "jar transforms Thread 26" [_thread_blocked, id=924, stack(0x000000f79c500000,0x000000f79c600000)]
  0x0000025602f1f000 JavaThread "jar transforms Thread 27" [_thread_blocked, id=2596, stack(0x000000f79c600000,0x000000f79c700000)]
  0x0000025602f1e000 JavaThread "jar transforms Thread 28" [_thread_blocked, id=8304, stack(0x000000f79c700000,0x000000f79c800000)]
  0x00000256029f9800 JavaThread "jar transforms Thread 29" [_thread_blocked, id=6520, stack(0x000000f79c800000,0x000000f79c900000)]
  0x00000256029fa800 JavaThread "jar transforms Thread 30" [_thread_blocked, id=2092, stack(0x000000f79c900000,0x000000f79ca00000)]
  0x00000256029fb800 JavaThread "jar transforms Thread 31" [_thread_blocked, id=6608, stack(0x000000f79ca00000,0x000000f79cb00000)]
  0x00000256029f8000 JavaThread "jar transforms Thread 32" [_thread_blocked, id=6872, stack(0x000000f79cb00000,0x000000f79cc00000)]
  0x00000256029fd800 JavaThread "jar transforms Thread 33" [_thread_blocked, id=9284, stack(0x000000f79cc00000,0x000000f79cd00000)]
  0x00000256029fc000 JavaThread "jar transforms Thread 34" [_thread_blocked, id=9368, stack(0x000000f79cd00000,0x000000f79ce00000)]
  0x00000256029fd000 JavaThread "jar transforms Thread 35" [_thread_blocked, id=1324, stack(0x000000f79ce00000,0x000000f79cf00000)]
  0x00000256029fe800 JavaThread "jar transforms Thread 36" [_thread_blocked, id=6744, stack(0x000000f79cf00000,0x000000f79d000000)]
  0x00000256029f9000 JavaThread "jar transforms Thread 37" [_thread_blocked, id=8292, stack(0x000000f79d000000,0x000000f79d100000)]
  0x0000025602a04800 JavaThread "jar transforms Thread 38" [_thread_blocked, id=6260, stack(0x000000f79d100000,0x000000f79d200000)]
  0x00000256029ff800 JavaThread "jar transforms Thread 39" [_thread_blocked, id=8764, stack(0x000000f79d200000,0x000000f79d300000)]
  0x0000025602a00000 JavaThread "jar transforms Thread 40" [_thread_blocked, id=9968, stack(0x000000f79d300000,0x000000f79d400000)]
  0x0000025602a01000 JavaThread "jar transforms Thread 41" [_thread_blocked, id=3208, stack(0x000000f79d400000,0x000000f79d500000)]
  0x0000025602a05000 JavaThread "jar transforms Thread 42" [_thread_blocked, id=11136, stack(0x000000f79d500000,0x000000f79d600000)]
  0x0000025602a06000 JavaThread "jar transforms Thread 43" [_thread_blocked, id=5952, stack(0x000000f79d600000,0x000000f79d700000)]
  0x0000025602a02000 JavaThread "jar transforms Thread 44" [_thread_blocked, id=1348, stack(0x000000f79d700000,0x000000f79d800000)]
  0x0000025602a03800 JavaThread "jar transforms Thread 45" [_thread_blocked, id=9460, stack(0x000000f79d800000,0x000000f79d900000)]
  0x0000025602a06800 JavaThread "jar transforms Thread 46" [_thread_blocked, id=2356, stack(0x000000f79d900000,0x000000f79da00000)]
  0x0000025602a02800 JavaThread "jar transforms Thread 47" [_thread_blocked, id=1532, stack(0x000000f79da00000,0x000000f79db00000)]
  0x000002560223b800 JavaThread "jar transforms Thread 48" [_thread_blocked, id=11196, stack(0x000000f79db00000,0x000000f79dc00000)]
  0x000002560223c000 JavaThread "jar transforms Thread 49" [_thread_blocked, id=10868, stack(0x000000f79dc00000,0x000000f79dd00000)]
  0x0000025602239800 JavaThread "jar transforms Thread 50" [_thread_blocked, id=7716, stack(0x000000f79dd00000,0x000000f79de00000)]
  0x000002560223e800 JavaThread "jar transforms Thread 51" [_thread_blocked, id=10700, stack(0x000000f79de00000,0x000000f79df00000)]
  0x000002560223d000 JavaThread "jar transforms Thread 52" [_thread_blocked, id=5148, stack(0x000000f79df00000,0x000000f79e000000)]
  0x000002560223e000 JavaThread "jar transforms Thread 53" [_thread_blocked, id=8612, stack(0x000000f79e000000,0x000000f79e100000)]
  0x0000025602240000 JavaThread "jar transforms Thread 54" [_thread_blocked, id=9012, stack(0x000000f79e100000,0x000000f79e200000)]
  0x000002560223f800 JavaThread "jar transforms Thread 55" [_thread_blocked, id=8276, stack(0x000000f79e200000,0x000000f79e300000)]
  0x000002560223a800 JavaThread "jar transforms Thread 56" [_thread_blocked, id=2544, stack(0x000000f79e300000,0x000000f79e400000)]
  0x0000025602242000 JavaThread "jar transforms Thread 57" [_thread_blocked, id=11100, stack(0x000000f79e400000,0x000000f79e500000)]
  0x0000025602242800 JavaThread "jar transforms Thread 58" [_thread_blocked, id=9960, stack(0x000000f79e500000,0x000000f79e600000)]
  0x0000025602246000 JavaThread "jar transforms Thread 59" [_thread_blocked, id=8852, stack(0x000000f79e600000,0x000000f79e700000)]
  0x0000025602243800 JavaThread "jar transforms Thread 60" [_thread_blocked, id=1216, stack(0x000000f79e700000,0x000000f79e800000)]
  0x0000025602245000 JavaThread "jar transforms Thread 61" [_thread_blocked, id=2064, stack(0x000000f79e800000,0x000000f79e900000)]
  0x0000025602241000 JavaThread "jar transforms Thread 62" [_thread_blocked, id=2204, stack(0x000000f79e900000,0x000000f79ea00000)]
  0x0000025602244800 JavaThread "jar transforms Thread 63" [_thread_blocked, id=9888, stack(0x000000f79ea00000,0x000000f79eb00000)]
  0x0000025602246800 JavaThread "jar transforms Thread 64" [_thread_blocked, id=3840, stack(0x000000f79eb00000,0x000000f79ec00000)]
  0x0000025602247800 JavaThread "jar transforms Thread 65" [_thread_blocked, id=10808, stack(0x000000f79ec00000,0x000000f79ed00000)]
  0x0000025602248800 JavaThread "jar transforms Thread 66" [_thread_blocked, id=6612, stack(0x000000f79ed00000,0x000000f79ee00000)]
  0x0000025603616000 JavaThread "jar transforms Thread 67" [_thread_blocked, id=1872, stack(0x000000f79ee00000,0x000000f79ef00000)]
  0x0000025603616800 JavaThread "jar transforms Thread 68" [_thread_blocked, id=1068, stack(0x000000f79ef00000,0x000000f79f000000)]
  0x0000025603619000 JavaThread "jar transforms Thread 69" [_thread_blocked, id=5224, stack(0x000000f79f000000,0x000000f79f100000)]
  0x0000025603617800 JavaThread "jar transforms Thread 70" [_thread_blocked, id=10696, stack(0x000000f79f100000,0x000000f79f200000)]
  0x0000025603618000 JavaThread "jar transforms Thread 71" [_thread_blocked, id=5204, stack(0x000000f79f200000,0x000000f79f300000)]
  0x0000025603613800 JavaThread "jar transforms Thread 72" [_thread_blocked, id=4644, stack(0x000000f79f300000,0x000000f79f400000)]
  0x0000025603615000 JavaThread "jar transforms Thread 73" [_thread_blocked, id=7664, stack(0x000000f79f400000,0x000000f79f500000)]
  0x0000025603614000 JavaThread "jar transforms Thread 74" [_thread_blocked, id=4988, stack(0x000000f79f500000,0x000000f79f600000)]
  0x000002560361d000 JavaThread "jar transforms Thread 75" [_thread_blocked, id=9788, stack(0x000000f79f600000,0x000000f79f700000)]
  0x000002560361b800 JavaThread "jar transforms Thread 76" [_thread_blocked, id=9312, stack(0x000000f79f700000,0x000000f79f800000)]
  0x000002560361f800 JavaThread "jar transforms Thread 77" [_thread_blocked, id=8516, stack(0x000000f79f800000,0x000000f79f900000)]
  0x000002560361a800 JavaThread "jar transforms Thread 78" [_thread_blocked, id=5524, stack(0x000000f79f900000,0x000000f79fa00000)]
  0x000002560361a000 JavaThread "jar transforms Thread 79" [_thread_blocked, id=9536, stack(0x000000f79fa00000,0x000000f79fb00000)]
  0x000002560361c800 JavaThread "jar transforms Thread 80" [_thread_blocked, id=6248, stack(0x000000f79fb00000,0x000000f79fc00000)]
  0x0000025603620800 JavaThread "jar transforms Thread 81" [_thread_blocked, id=11004, stack(0x000000f79fc00000,0x000000f79fd00000)]
  0x000002560361e000 JavaThread "jar transforms Thread 82" [_thread_blocked, id=8600, stack(0x000000f79fd00000,0x000000f79fe00000)]
  0x0000025603621000 JavaThread "jar transforms Thread 83" [_thread_blocked, id=8624, stack(0x000000f79fe00000,0x000000f79ff00000)]
  0x0000025603622000 JavaThread "jar transforms Thread 84" [_thread_blocked, id=32, stack(0x000000f79ff00000,0x000000f7a0000000)]
  0x000002560361f000 JavaThread "jar transforms Thread 85" [_thread_blocked, id=4908, stack(0x000000f7a0000000,0x000000f7a0100000)]
  0x000002560267d000 JavaThread "jar transforms Thread 86" [_thread_blocked, id=10924, stack(0x000000f7a0100000,0x000000f7a0200000)]
  0x0000025602677800 JavaThread "jar transforms Thread 87" [_thread_blocked, id=3668, stack(0x000000f7a0200000,0x000000f7a0300000)]
  0x000002560267e000 JavaThread "jar transforms Thread 88" [_thread_blocked, id=10668, stack(0x000000f7a0300000,0x000000f7a0400000)]
  0x0000025602678800 JavaThread "jar transforms Thread 89" [_thread_blocked, id=10756, stack(0x000000f7a0400000,0x000000f7a0500000)]
  0x000002560267b800 JavaThread "jar transforms Thread 90" [_thread_blocked, id=4036, stack(0x000000f7a0500000,0x000000f7a0600000)]
  0x000002560267c800 JavaThread "jar transforms Thread 91" [_thread_blocked, id=8332, stack(0x000000f7a0600000,0x000000f7a0700000)]
  0x000002560267f000 JavaThread "jar transforms Thread 92" [_thread_blocked, id=3664, stack(0x000000f7a0700000,0x000000f7a0800000)]
  0x0000025602679000 JavaThread "jar transforms Thread 93" [_thread_blocked, id=756, stack(0x000000f7a0800000,0x000000f7a0900000)]
  0x000002560267f800 JavaThread "jar transforms Thread 94" [_thread_blocked, id=5588, stack(0x000000f7a0900000,0x000000f7a0a00000)]
  0x000002560267a000 JavaThread "jar transforms Thread 95" [_thread_blocked, id=6708, stack(0x000000f7a0a00000,0x000000f7a0b00000)]
  0x0000025602680800 JavaThread "jar transforms Thread 96" [_thread_blocked, id=2144, stack(0x000000f7a0b00000,0x000000f7a0c00000)]
  0x000002560267a800 JavaThread "jar transforms Thread 97" [_thread_blocked, id=11212, stack(0x000000f7a0c00000,0x000000f7a0d00000)]
  0x0000025602681800 JavaThread "Memory manager" [_thread_blocked, id=10632, stack(0x000000f7a1000000,0x000000f7a1100000)]
=>0x0000025605148800 JavaThread "C2 CompilerThread1" daemon [_thread_in_native, id=7788, stack(0x000000f7a0f00000,0x000000f7a1000000)]

Other Threads:
  0x000002567ed26000 VMThread "VM Thread" [stack: 0x000000f798500000,0x000000f798600000] [id=5364]
  0x000002567f86e800 WatcherThread [stack: 0x000000f798f00000,0x000000f799000000] [id=6244]
  0x0000025666490800 GCTaskThread "GC Thread#0" [stack: 0x000000f798000000,0x000000f798100000] [id=5812]
  0x000002560015a000 GCTaskThread "GC Thread#1" [stack: 0x000000f799100000,0x000000f799200000] [id=8416]
  0x00000256002a5000 GCTaskThread "GC Thread#2" [stack: 0x000000f799200000,0x000000f799300000] [id=9328]
  0x0000025601a9d800 GCTaskThread "GC Thread#3" [stack: 0x000000f799b00000,0x000000f799c00000] [id=8880]
  0x00000256664b8800 ConcurrentGCThread "G1 Main Marker" [stack: 0x000000f798100000,0x000000f798200000] [id=9100]
  0x00000256664ba800 ConcurrentGCThread "G1 Conc#0" [stack: 0x000000f798200000,0x000000f798300000] [id=1424]
  0x000002566654b000 ConcurrentGCThread "G1 Refine#0" [stack: 0x000000f798300000,0x000000f798400000] [id=5016]
  0x000002566654c000 ConcurrentGCThread "G1 Young RemSet Sampling" [stack: 0x000000f798400000,0x000000f798500000] [id=4584]

Threads with active compile tasks:
C2 CompilerThread0  61017 10256       4       org.gradle.tooling.internal.adapter.ProtocolToModelAdapter$SafeMethodInvoker::invoke (118 bytes)
C2 CompilerThread1  61018 10249       4       org.gradle.tooling.internal.adapter.ProtocolToModelAdapter$InvocationHandlerImpl::invoke (176 bytes)

VM state:synchronizing (normal execution)

VM Mutex/Monitor currently owned by a thread:  ([mutex/lock_event])
[0x000002566646d170] Threads_lock - owner thread: 0x000002567ed26000

Heap address: 0x00000000a0000000, size: 1536 MB, Compressed Oops mode: 32-bit
Narrow klass base: 0x0000000000000000, Narrow klass shift: 3
Compressed class space size: 1073741824 Address: 0x0000000100000000

Heap:
 garbage-first heap   total 131072K, used 112997K [0x00000000a0000000, 0x0000000100000000)
  region size 1024K, 21 young (21504K), 3 survivors (3072K)
 Metaspace       used 89882K, capacity 92192K, committed 92544K, reserved 1130496K
  class space    used 11442K, capacity 12308K, committed 12416K, reserved 1048576K
Heap Regions: E=young(eden), S=young(survivor), O=old, HS=humongous(starts), HC=humongous(continues), CS=collection set, F=free, A=archive, TAMS=top-at-mark-start (previous, next)
|   0|0x00000000a0000000, 0x00000000a0100000, 0x00000000a0100000|100%| O|  |TAMS 0x00000000a0100000, 0x00000000a0000000| Untracked 
|   1|0x00000000a0100000, 0x00000000a0200000, 0x00000000a0200000|100%| O|  |TAMS 0x00000000a0200000, 0x00000000a0100000| Untracked 
|   2|0x00000000a0200000, 0x00000000a0300000, 0x00000000a0300000|100%| O|  |TAMS 0x00000000a0300000, 0x00000000a0200000| Untracked 
|   3|0x00000000a0300000, 0x00000000a0400000, 0x00000000a0400000|100%|HS|  |TAMS 0x00000000a0400000, 0x00000000a0300000| Complete 
|   4|0x00000000a0400000, 0x00000000a0500000, 0x00000000a0500000|100%|HC|  |TAMS 0x00000000a0500000, 0x00000000a0400000| Complete 
|   5|0x00000000a0500000, 0x00000000a0600000, 0x00000000a0600000|100%|HC|  |TAMS 0x00000000a0600000, 0x00000000a0500000| Complete 
|   6|0x00000000a0600000, 0x00000000a0700000, 0x00000000a0700000|100%| O|  |TAMS 0x00000000a0700000, 0x00000000a0600000| Untracked 
|   7|0x00000000a0700000, 0x00000000a0800000, 0x00000000a0800000|100%| O|  |TAMS 0x00000000a0800000, 0x00000000a0700000| Untracked 
|   8|0x00000000a0800000, 0x00000000a0900000, 0x00000000a0900000|100%| O|  |TAMS 0x00000000a0900000, 0x00000000a0800000| Untracked 
|   9|0x00000000a0900000, 0x00000000a0a00000, 0x00000000a0a00000|100%| O|  |TAMS 0x00000000a0a00000, 0x00000000a0900000| Untracked 
|  10|0x00000000a0a00000, 0x00000000a0b00000, 0x00000000a0b00000|100%| O|  |TAMS 0x00000000a0b00000, 0x00000000a0a00000| Untracked 
|  11|0x00000000a0b00000, 0x00000000a0c00000, 0x00000000a0c00000|100%| O|  |TAMS 0x00000000a0c00000, 0x00000000a0b00000| Untracked 
|  12|0x00000000a0c00000, 0x00000000a0d00000, 0x00000000a0d00000|100%| O|  |TAMS 0x00000000a0d00000, 0x00000000a0c00000| Untracked 
|  13|0x00000000a0d00000, 0x00000000a0e00000, 0x00000000a0e00000|100%| O|  |TAMS 0x00000000a0e00000, 0x00000000a0d00000| Untracked 
|  14|0x00000000a0e00000, 0x00000000a0f00000, 0x00000000a0f00000|100%| O|  |TAMS 0x00000000a0f00000, 0x00000000a0e00000| Untracked 
|  15|0x00000000a0f00000, 0x00000000a1000000, 0x00000000a1000000|100%| O|  |TAMS 0x00000000a1000000, 0x00000000a0f00000| Untracked 
|  16|0x00000000a1000000, 0x00000000a1100000, 0x00000000a1100000|100%|HS|  |TAMS 0x00000000a1100000, 0x00000000a1000000| Complete 
|  17|0x00000000a1100000, 0x00000000a1200000, 0x00000000a1200000|100%|HC|  |TAMS 0x00000000a1200000, 0x00000000a1100000| Complete 
|  18|0x00000000a1200000, 0x00000000a1300000, 0x00000000a1300000|100%|HS|  |TAMS 0x00000000a1300000, 0x00000000a1200000| Complete 
|  19|0x00000000a1300000, 0x00000000a1400000, 0x00000000a1400000|100%|HC|  |TAMS 0x00000000a1400000, 0x00000000a1300000| Complete 
|  20|0x00000000a1400000, 0x00000000a1500000, 0x00000000a1500000|100%|HC|  |TAMS 0x00000000a1500000, 0x00000000a1400000| Complete 
|  21|0x00000000a1500000, 0x00000000a1600000, 0x00000000a1600000|100%|HS|  |TAMS 0x00000000a1600000, 0x00000000a1500000| Complete 
|  22|0x00000000a1600000, 0x00000000a1700000, 0x00000000a1700000|100%|HC|  |TAMS 0x00000000a1700000, 0x00000000a1600000| Complete 
|  23|0x00000000a1700000, 0x00000000a1800000, 0x00000000a1800000|100%|HC|  |TAMS 0x00000000a1800000, 0x00000000a1700000| Complete 
|  24|0x00000000a1800000, 0x00000000a1900000, 0x00000000a1900000|100%|HC|  |TAMS 0x00000000a1900000, 0x00000000a1800000| Complete 
|  25|0x00000000a1900000, 0x00000000a1a00000, 0x00000000a1a00000|100%|HC|  |TAMS 0x00000000a1a00000, 0x00000000a1900000| Complete 
|  26|0x00000000a1a00000, 0x00000000a1b00000, 0x00000000a1b00000|100%| O|  |TAMS 0x00000000a1b00000, 0x00000000a1a00000| Untracked 
|  27|0x00000000a1b00000, 0x00000000a1c00000, 0x00000000a1c00000|100%| O|  |TAMS 0x00000000a1c00000, 0x00000000a1b00000| Untracked 
|  28|0x00000000a1c00000, 0x00000000a1d00000, 0x00000000a1d00000|100%| O|  |TAMS 0x00000000a1d00000, 0x00000000a1c00000| Untracked 
|  29|0x00000000a1d00000, 0x00000000a1e00000, 0x00000000a1e00000|100%|HS|  |TAMS 0x00000000a1e00000, 0x00000000a1d00000| Complete 
|  30|0x00000000a1e00000, 0x00000000a1f00000, 0x00000000a1f00000|100%|HC|  |TAMS 0x00000000a1f00000, 0x00000000a1e00000| Complete 
|  31|0x00000000a1f00000, 0x00000000a2000000, 0x00000000a2000000|100%|HC|  |TAMS 0x00000000a2000000, 0x00000000a1f00000| Complete 
|  32|0x00000000a2000000, 0x00000000a2100000, 0x00000000a2100000|100%|HC|  |TAMS 0x00000000a2100000, 0x00000000a2000000| Complete 
|  33|0x00000000a2100000, 0x00000000a2200000, 0x00000000a2200000|100%|HC|  |TAMS 0x00000000a2200000, 0x00000000a2100000| Complete 
|  34|0x00000000a2200000, 0x00000000a2300000, 0x00000000a2300000|100%|HS|  |TAMS 0x00000000a2300000, 0x00000000a2200000| Complete 
|  35|0x00000000a2300000, 0x00000000a2400000, 0x00000000a2400000|100%|HC|  |TAMS 0x00000000a2400000, 0x00000000a2300000| Complete 
|  36|0x00000000a2400000, 0x00000000a2500000, 0x00000000a2500000|100%|HC|  |TAMS 0x00000000a2500000, 0x00000000a2400000| Complete 
|  37|0x00000000a2500000, 0x00000000a2600000, 0x00000000a2600000|100%| O|  |TAMS 0x00000000a2600000, 0x00000000a2500000| Untracked 
|  38|0x00000000a2600000, 0x00000000a2700000, 0x00000000a2700000|100%| O|  |TAMS 0x00000000a2700000, 0x00000000a2600000| Untracked 
|  39|0x00000000a2700000, 0x00000000a2800000, 0x00000000a2800000|100%| O|  |TAMS 0x00000000a2800000, 0x00000000a2700000| Untracked 
|  40|0x00000000a2800000, 0x00000000a2900000, 0x00000000a2900000|100%| O|  |TAMS 0x00000000a2900000, 0x00000000a2800000| Untracked 
|  41|0x00000000a2900000, 0x00000000a2a00000, 0x00000000a2a00000|100%| O|  |TAMS 0x00000000a2a00000, 0x00000000a2900000| Untracked 
|  42|0x00000000a2a00000, 0x00000000a2b00000, 0x00000000a2b00000|100%| O|  |TAMS 0x00000000a2b00000, 0x00000000a2a00000| Untracked 
|  43|0x00000000a2b00000, 0x00000000a2c00000, 0x00000000a2c00000|100%| O|  |TAMS 0x00000000a2c00000, 0x00000000a2b00000| Untracked 
|  44|0x00000000a2c00000, 0x00000000a2d00000, 0x00000000a2d00000|100%| O|  |TAMS 0x00000000a2d00000, 0x00000000a2c00000| Untracked 
|  45|0x00000000a2d00000, 0x00000000a2e00000, 0x00000000a2e00000|100%| O|  |TAMS 0x00000000a2e00000, 0x00000000a2d00000| Untracked 
|  46|0x00000000a2e00000, 0x00000000a2f00000, 0x00000000a2f00000|100%| O|  |TAMS 0x00000000a2f00000, 0x00000000a2e00000| Untracked 
|  47|0x00000000a2f00000, 0x00000000a3000000, 0x00000000a3000000|100%| O|  |TAMS 0x00000000a3000000, 0x00000000a2f00000| Untracked 
|  48|0x00000000a3000000, 0x00000000a3100000, 0x00000000a3100000|100%| O|  |TAMS 0x00000000a3100000, 0x00000000a3000000| Untracked 
|  49|0x00000000a3100000, 0x00000000a3200000, 0x00000000a3200000|100%| O|  |TAMS 0x00000000a3200000, 0x00000000a3100000| Untracked 
|  50|0x00000000a3200000, 0x00000000a3300000, 0x00000000a3300000|100%| O|  |TAMS 0x00000000a3300000, 0x00000000a3200000| Untracked 
|  51|0x00000000a3300000, 0x00000000a3400000, 0x00000000a3400000|100%|HS|  |TAMS 0x00000000a3400000, 0x00000000a3300000| Complete 
|  52|0x00000000a3400000, 0x00000000a3500000, 0x00000000a3500000|100%|HS|  |TAMS 0x00000000a3500000, 0x00000000a3400000| Complete 
|  53|0x00000000a3500000, 0x00000000a3600000, 0x00000000a3600000|100%|HC|  |TAMS 0x00000000a3600000, 0x00000000a3500000| Complete 
|  54|0x00000000a3600000, 0x00000000a3700000, 0x00000000a3700000|100%| O|  |TAMS 0x00000000a3700000, 0x00000000a3600000| Untracked 
|  55|0x00000000a3700000, 0x00000000a3800000, 0x00000000a3800000|100%| O|  |TAMS 0x00000000a3800000, 0x00000000a3700000| Untracked 
|  56|0x00000000a3800000, 0x00000000a3900000, 0x00000000a3900000|100%| O|  |TAMS 0x00000000a3900000, 0x00000000a3800000| Untracked 
|  57|0x00000000a3900000, 0x00000000a3a00000, 0x00000000a3a00000|100%| O|  |TAMS 0x00000000a3a00000, 0x00000000a3900000| Untracked 
|  58|0x00000000a3a00000, 0x00000000a3b00000, 0x00000000a3b00000|100%| O|  |TAMS 0x00000000a3b00000, 0x00000000a3a00000| Untracked 
|  59|0x00000000a3b00000, 0x00000000a3c00000, 0x00000000a3c00000|100%| O|  |TAMS 0x00000000a3c00000, 0x00000000a3b00000| Untracked 
|  60|0x00000000a3c00000, 0x00000000a3d00000, 0x00000000a3d00000|100%| O|  |TAMS 0x00000000a3d00000, 0x00000000a3c00000| Untracked 
|  61|0x00000000a3d00000, 0x00000000a3e00000, 0x00000000a3e00000|100%| O|  |TAMS 0x00000000a3e00000, 0x00000000a3d00000| Untracked 
|  62|0x00000000a3e00000, 0x00000000a3f00000, 0x00000000a3f00000|100%| O|  |TAMS 0x00000000a3f00000, 0x00000000a3e00000| Untracked 
|  63|0x00000000a3f00000, 0x00000000a4000000, 0x00000000a4000000|100%| O|  |TAMS 0x00000000a4000000, 0x00000000a3f00000| Untracked 
|  64|0x00000000a4000000, 0x00000000a4100000, 0x00000000a4100000|100%| O|  |TAMS 0x00000000a4100000, 0x00000000a4000000| Untracked 
|  65|0x00000000a4100000, 0x00000000a4200000, 0x00000000a4200000|100%| O|  |TAMS 0x00000000a4200000, 0x00000000a4100000| Untracked 
|  66|0x00000000a4200000, 0x00000000a4300000, 0x00000000a4300000|100%| O|  |TAMS 0x00000000a4300000, 0x00000000a4200000| Untracked 
|  67|0x00000000a4300000, 0x00000000a4400000, 0x00000000a4400000|100%| O|  |TAMS 0x00000000a4400000, 0x00000000a4300000| Untracked 
|  68|0x00000000a4400000, 0x00000000a4500000, 0x00000000a4500000|100%| O|  |TAMS 0x00000000a4500000, 0x00000000a4400000| Untracked 
|  69|0x00000000a4500000, 0x00000000a4600000, 0x00000000a4600000|100%| O|  |TAMS 0x00000000a4600000, 0x00000000a4500000| Untracked 
|  70|0x00000000a4600000, 0x00000000a4700000, 0x00000000a4700000|100%| O|  |TAMS 0x00000000a4700000, 0x00000000a4600000| Untracked 
|  71|0x00000000a4700000, 0x00000000a4800000, 0x00000000a4800000|100%| O|  |TAMS 0x00000000a4800000, 0x00000000a4700000| Untracked 
|  72|0x00000000a4800000, 0x00000000a4900000, 0x00000000a4900000|100%| O|  |TAMS 0x00000000a4900000, 0x00000000a4800000| Untracked 
|  73|0x00000000a4900000, 0x00000000a4a00000, 0x00000000a4a00000|100%| O|  |TAMS 0x00000000a4a00000, 0x00000000a4900000| Untracked 
|  74|0x00000000a4a00000, 0x00000000a4b00000, 0x00000000a4b00000|100%| O|  |TAMS 0x00000000a4b00000, 0x00000000a4a00000| Untracked 
|  75|0x00000000a4b00000, 0x00000000a4c00000, 0x00000000a4c00000|100%| O|  |TAMS 0x00000000a4c00000, 0x00000000a4b00000| Untracked 
|  76|0x00000000a4c00000, 0x00000000a4d00000, 0x00000000a4d00000|100%| O|  |TAMS 0x00000000a4d00000, 0x00000000a4c00000| Untracked 
|  77|0x00000000a4d00000, 0x00000000a4e00000, 0x00000000a4e00000|100%| O|  |TAMS 0x00000000a4e00000, 0x00000000a4d00000| Untracked 
|  78|0x00000000a4e00000, 0x00000000a4f00000, 0x00000000a4f00000|100%| O|  |TAMS 0x00000000a4f00000, 0x00000000a4e00000| Untracked 
|  79|0x00000000a4f00000, 0x00000000a5000000, 0x00000000a5000000|100%| O|  |TAMS 0x00000000a5000000, 0x00000000a4f00000| Untracked 
|  80|0x00000000a5000000, 0x00000000a5100000, 0x00000000a5100000|100%| O|  |TAMS 0x00000000a5100000, 0x00000000a5000000| Untracked 
|  81|0x00000000a5100000, 0x00000000a5200000, 0x00000000a5200000|100%| O|  |TAMS 0x00000000a5200000, 0x00000000a5100000| Untracked 
|  82|0x00000000a5200000, 0x00000000a5300000, 0x00000000a5300000|100%| O|  |TAMS 0x00000000a5300000, 0x00000000a5200000| Untracked 
|  83|0x00000000a5300000, 0x00000000a5400000, 0x00000000a5400000|100%| O|  |TAMS 0x00000000a5400000, 0x00000000a5300000| Untracked 
|  84|0x00000000a5400000, 0x00000000a5500000, 0x00000000a5500000|100%| O|  |TAMS 0x00000000a5500000, 0x00000000a5400000| Untracked 
|  85|0x00000000a5500000, 0x00000000a5600000, 0x00000000a5600000|100%| O|  |TAMS 0x00000000a5600000, 0x00000000a5500000| Untracked 
|  86|0x00000000a5600000, 0x00000000a5700000, 0x00000000a5700000|100%| O|  |TAMS 0x00000000a5700000, 0x00000000a5600000| Untracked 
|  87|0x00000000a5700000, 0x00000000a5800000, 0x00000000a5800000|100%| O|  |TAMS 0x00000000a5800000, 0x00000000a5700000| Untracked 
|  88|0x00000000a5800000, 0x00000000a5900000, 0x00000000a5900000|100%| O|  |TAMS 0x00000000a5900000, 0x00000000a5800000| Untracked 
|  89|0x00000000a5900000, 0x00000000a5a00000, 0x00000000a5a00000|100%| O|  |TAMS 0x00000000a5a00000, 0x00000000a5900000| Untracked 
|  90|0x00000000a5a00000, 0x00000000a5afc000, 0x00000000a5b00000| 98%| O|  |TAMS 0x00000000a5afc000, 0x00000000a5a00000| Untracked 
|  91|0x00000000a5b00000, 0x00000000a5b00000, 0x00000000a5c00000|  0%| F|  |TAMS 0x00000000a5b00000, 0x00000000a5b00000| Untracked 
|  92|0x00000000a5c00000, 0x00000000a5c00000, 0x00000000a5d00000|  0%| F|  |TAMS 0x00000000a5c00000, 0x00000000a5c00000| Untracked 
|  93|0x00000000a5d00000, 0x00000000a5d00000, 0x00000000a5e00000|  0%| F|  |TAMS 0x00000000a5d00000, 0x00000000a5d00000| Untracked 
|  94|0x00000000a5e00000, 0x00000000a5e00000, 0x00000000a5f00000|  0%| F|  |TAMS 0x00000000a5e00000, 0x00000000a5e00000| Untracked 
|  95|0x00000000a5f00000, 0x00000000a5f00000, 0x00000000a6000000|  0%| F|  |TAMS 0x00000000a5f00000, 0x00000000a5f00000| Untracked 
|  96|0x00000000a6000000, 0x00000000a6000000, 0x00000000a6100000|  0%| F|  |TAMS 0x00000000a6000000, 0x00000000a6000000| Untracked 
|  97|0x00000000a6100000, 0x00000000a6100000, 0x00000000a6200000|  0%| F|  |TAMS 0x00000000a6100000, 0x00000000a6100000| Untracked 
|  98|0x00000000a6200000, 0x00000000a6200000, 0x00000000a6300000|  0%| F|  |TAMS 0x00000000a6200000, 0x00000000a6200000| Untracked 
|  99|0x00000000a6300000, 0x00000000a6300000, 0x00000000a6400000|  0%| F|  |TAMS 0x00000000a6300000, 0x00000000a6300000| Untracked 
| 100|0x00000000a6400000, 0x00000000a6400000, 0x00000000a6500000|  0%| F|  |TAMS 0x00000000a6400000, 0x00000000a6400000| Untracked 
| 101|0x00000000a6500000, 0x00000000a6500000, 0x00000000a6600000|  0%| F|  |TAMS 0x00000000a6500000, 0x00000000a6500000| Untracked 
| 102|0x00000000a6600000, 0x00000000a6600000, 0x00000000a6700000|  0%| F|  |TAMS 0x00000000a6600000, 0x00000000a6600000| Untracked 
| 103|0x00000000a6700000, 0x00000000a6700000, 0x00000000a6800000|  0%| F|  |TAMS 0x00000000a6700000, 0x00000000a6700000| Untracked 
| 104|0x00000000a6800000, 0x00000000a6800000, 0x00000000a6900000|  0%| F|  |TAMS 0x00000000a6800000, 0x00000000a6800000| Untracked 
| 105|0x00000000a6900000, 0x00000000a695d4c0, 0x00000000a6a00000| 36%| S|CS|TAMS 0x00000000a6900000, 0x00000000a6900000| Complete 
| 106|0x00000000a6a00000, 0x00000000a6b00000, 0x00000000a6b00000|100%| S|CS|TAMS 0x00000000a6a00000, 0x00000000a6a00000| Complete 
| 107|0x00000000a6b00000, 0x00000000a6c00000, 0x00000000a6c00000|100%| S|CS|TAMS 0x00000000a6b00000, 0x00000000a6b00000| Complete 
| 108|0x00000000a6c00000, 0x00000000a6c00000, 0x00000000a6d00000|  0%| F|  |TAMS 0x00000000a6c00000, 0x00000000a6c00000| Untracked 
| 109|0x00000000a6d00000, 0x00000000a6d00000, 0x00000000a6e00000|  0%| F|  |TAMS 0x00000000a6d00000, 0x00000000a6d00000| Untracked 
| 110|0x00000000a6e00000, 0x00000000a6ef7dc0, 0x00000000a6f00000| 96%| E|  |TAMS 0x00000000a6e00000, 0x00000000a6e00000| Complete 
| 111|0x00000000a6f00000, 0x00000000a7000000, 0x00000000a7000000|100%| E|CS|TAMS 0x00000000a6f00000, 0x00000000a6f00000| Complete 
| 112|0x00000000a7000000, 0x00000000a7100000, 0x00000000a7100000|100%| E|CS|TAMS 0x00000000a7000000, 0x00000000a7000000| Complete 
| 113|0x00000000a7100000, 0x00000000a7200000, 0x00000000a7200000|100%| E|CS|TAMS 0x00000000a7100000, 0x00000000a7100000| Complete 
| 114|0x00000000a7200000, 0x00000000a7300000, 0x00000000a7300000|100%| E|CS|TAMS 0x00000000a7200000, 0x00000000a7200000| Complete 
| 115|0x00000000a7300000, 0x00000000a7400000, 0x00000000a7400000|100%| E|CS|TAMS 0x00000000a7300000, 0x00000000a7300000| Complete 
| 116|0x00000000a7400000, 0x00000000a7500000, 0x00000000a7500000|100%| E|CS|TAMS 0x00000000a7400000, 0x00000000a7400000| Complete 
| 117|0x00000000a7500000, 0x00000000a7600000, 0x00000000a7600000|100%| E|CS|TAMS 0x00000000a7500000, 0x00000000a7500000| Complete 
| 118|0x00000000a7600000, 0x00000000a7700000, 0x00000000a7700000|100%| E|CS|TAMS 0x00000000a7600000, 0x00000000a7600000| Complete 
| 119|0x00000000a7700000, 0x00000000a7800000, 0x00000000a7800000|100%| E|CS|TAMS 0x00000000a7700000, 0x00000000a7700000| Complete 
| 120|0x00000000a7800000, 0x00000000a7900000, 0x00000000a7900000|100%| E|CS|TAMS 0x00000000a7800000, 0x00000000a7800000| Complete 
| 121|0x00000000a7900000, 0x00000000a7a00000, 0x00000000a7a00000|100%| E|CS|TAMS 0x00000000a7900000, 0x00000000a7900000| Complete 
| 122|0x00000000a7a00000, 0x00000000a7b00000, 0x00000000a7b00000|100%| E|CS|TAMS 0x00000000a7a00000, 0x00000000a7a00000| Complete 
| 123|0x00000000a7b00000, 0x00000000a7c00000, 0x00000000a7c00000|100%| E|CS|TAMS 0x00000000a7b00000, 0x00000000a7b00000| Complete 
| 124|0x00000000a7c00000, 0x00000000a7d00000, 0x00000000a7d00000|100%| E|CS|TAMS 0x00000000a7c00000, 0x00000000a7c00000| Complete 
| 125|0x00000000a7d00000, 0x00000000a7e00000, 0x00000000a7e00000|100%| E|CS|TAMS 0x00000000a7d00000, 0x00000000a7d00000| Complete 
| 126|0x00000000a7e00000, 0x00000000a7f00000, 0x00000000a7f00000|100%| E|CS|TAMS 0x00000000a7e00000, 0x00000000a7e00000| Complete 
| 127|0x00000000a7f00000, 0x00000000a8000000, 0x00000000a8000000|100%| E|CS|TAMS 0x00000000a7f00000, 0x00000000a7f00000| Complete 

Card table byte_map: [0x0000025679260000,0x0000025679560000] _byte_map_base: 0x0000025678d60000

Marking Bits (Prev, Next): (CMBitMap*) 0x00000256664b1798, (CMBitMap*) 0x00000256664b17d0
 Prev Bits: [0x0000025679860000, 0x000002567b060000)
 Next Bits: [0x000002567b060000, 0x000002567c860000)

Polling page: 0x00000256643e0000

Metaspace:

Usage:
  Non-class:     78.01 MB capacity,    76.60 MB ( 98%) used,     1.18 MB (  2%) free+waste,   231.94 KB ( <1%) overhead. 
      Class:     12.02 MB capacity,    11.17 MB ( 93%) used,   756.87 KB (  6%) free+waste,   108.44 KB ( <1%) overhead. 
       Both:     90.03 MB capacity,    87.78 MB ( 97%) used,     1.92 MB (  2%) free+waste,   340.38 KB ( <1%) overhead. 

Virtual space:
  Non-class space:       80.00 MB reserved,      78.25 MB ( 98%) committed 
      Class space:        1.00 GB reserved,      12.13 MB (  1%) committed 
             Both:        1.08 GB reserved,      90.38 MB (  8%) committed 

Chunk freelists:
   Non-Class:  52.00 KB
       Class:  12.00 KB
        Both:  64.00 KB

MaxMetaspaceSize: 17179869184.00 GB
CompressedClassSpaceSize: 1.00 GB

CodeHeap 'non-profiled nmethods': size=120064Kb used=6434Kb max_used=6434Kb free=113629Kb
 bounds [0x0000025671a20000, 0x0000025672070000, 0x0000025678f60000]
CodeHeap 'profiled nmethods': size=120000Kb used=23195Kb max_used=23195Kb free=96804Kb
 bounds [0x000002566a4f0000, 0x000002566bba0000, 0x0000025671a20000]
CodeHeap 'non-nmethods': size=5696Kb used=2294Kb max_used=2339Kb free=3401Kb
 bounds [0x0000025669f60000, 0x000002566a1d0000, 0x000002566a4f0000]
 total_blobs=11241 nmethods=10346 adapters=806
 compilation: enabled
              stopped_count=0, restarted_count=0
 full_count=0

Compilation events (20 events):
Event: 59.835 Thread 0x000002567ed67000 10377   !   3       java.beans.WeakIdentityMap::removeStaleEntries (151 bytes)
Event: 59.836 Thread 0x000002567ed67000 nmethod 10377 0x000002566bb91690 code [0x000002566bb91900, 0x000002566bb92898]
Event: 59.844 Thread 0x000002567ed67000 10378       3       java.util.LinkedList$ListItr::previous (70 bytes)
Event: 59.845 Thread 0x000002567ed67000 nmethod 10378 0x000002566bb92f90 code [0x000002566bb931a0, 0x000002566bb93718]
Event: 59.845 Thread 0x000002567ed67000 10379       3       groovy.lang.MetaClassImpl$2::skipClass (17 bytes)
Event: 59.845 Thread 0x000002567ed67000 nmethod 10379 0x000002566bb93910 code [0x000002566bb93ac0, 0x000002566bb93c18]
Event: 59.903 Thread 0x000002567ed67000 10380       3       org.codehaus.groovy.reflection.AccessPermissionChecker::checkAccessPermission (70 bytes)
Event: 59.904 Thread 0x000002567ed67000 nmethod 10380 0x000002566bb93d10 code [0x000002566bb93f60, 0x000002566bb946c8]
Event: 59.905 Thread 0x000002567ed67000 10381       3       groovyjarjarasm.asm.MethodWriter::visitInsn (115 bytes)
Event: 59.905 Thread 0x000002567ed67000 nmethod 10381 0x000002566bb94910 code [0x000002566bb94b00, 0x000002566bb94f88]
Event: 59.911 Thread 0x000002567ed67000 10382       3       groovy.lang.MetaClassImpl::getMetaProperty (45 bytes)
Event: 59.911 Thread 0x000002567ed67000 nmethod 10382 0x000002566bb95110 code [0x000002566bb95300, 0x000002566bb957d8]
Event: 59.918 Thread 0x000002567ed67000 10383       3       groovyjarjarasm.asm.Frame::getInputStackSize (6 bytes)
Event: 59.918 Thread 0x000002567ed67000 nmethod 10383 0x000002566bb95990 code [0x000002566bb95b40, 0x000002566bb95c58]
Event: 59.918 Thread 0x000002567ed67000 10384       3       groovyjarjarasm.asm.ByteVector::putInt (74 bytes)
Event: 59.919 Thread 0x000002567ed67000 nmethod 10384 0x000002566bb95d10 code [0x000002566bb95ee0, 0x000002566bb96128]
Event: 59.971 Thread 0x000002567ed67000 10385       3       java.lang.invoke.SimpleMethodHandle::speciesData (4 bytes)
Event: 59.972 Thread 0x000002567ed67000 nmethod 10385 0x000002566bb96290 code [0x000002566bb96440, 0x000002566bb96558]
Event: 59.972 Thread 0x000002567ed67000 10386       3       java.lang.invoke.SimpleMethodHandle::copyWithExtendL (7 bytes)
Event: 59.972 Thread 0x000002567ed67000 nmethod 10386 0x000002566bb96610 code [0x000002566bb967e0, 0x000002566bb96b08]

GC Heap History (20 events):
Event: 46.030 GC heap before
{Heap before GC invocations=27 (full 0):
 garbage-first heap   total 131072K, used 110597K [0x00000000a0000000, 0x0000000100000000)
  region size 1024K, 28 young (28672K), 2 survivors (2048K)
 Metaspace       used 78069K, capacity 80028K, committed 80128K, reserved 1118208K
  class space    used 10046K, capacity 10681K, committed 10752K, reserved 1048576K
}
Event: 46.037 GC heap after
{Heap after GC invocations=28 (full 0):
 garbage-first heap   total 131072K, used 83080K [0x00000000a0000000, 0x0000000100000000)
  region size 1024K, 2 young (2048K), 2 survivors (2048K)
 Metaspace       used 78069K, capacity 80028K, committed 80128K, reserved 1118208K
  class space    used 10046K, capacity 10681K, committed 10752K, reserved 1048576K
}
Event: 46.960 GC heap before
{Heap before GC invocations=28 (full 0):
 garbage-first heap   total 131072K, used 109704K [0x00000000a0000000, 0x0000000100000000)
  region size 1024K, 28 young (28672K), 2 survivors (2048K)
 Metaspace       used 81232K, capacity 83338K, committed 83456K, reserved 1122304K
  class space    used 10454K, capacity 11179K, committed 11264K, reserved 1048576K
}
Event: 46.969 GC heap after
{Heap after GC invocations=29 (full 0):
 garbage-first heap   total 131072K, used 84837K [0x00000000a0000000, 0x0000000100000000)
  region size 1024K, 4 young (4096K), 4 survivors (4096K)
 Metaspace       used 81232K, capacity 83338K, committed 83456K, reserved 1122304K
  class space    used 10454K, capacity 11179K, committed 11264K, reserved 1048576K
}
Event: 48.182 GC heap before
{Heap before GC invocations=30 (full 0):
 garbage-first heap   total 131072K, used 109413K [0x00000000a0000000, 0x0000000100000000)
  region size 1024K, 29 young (29696K), 4 survivors (4096K)
 Metaspace       used 82588K, capacity 84754K, committed 84992K, reserved 1122304K
  class space    used 10628K, capacity 11402K, committed 11520K, reserved 1048576K
}
Event: 48.195 GC heap after
{Heap after GC invocations=31 (full 0):
 garbage-first heap   total 131072K, used 86812K [0x00000000a0000000, 0x0000000100000000)
  region size 1024K, 4 young (4096K), 4 survivors (4096K)
 Metaspace       used 82588K, capacity 84754K, committed 84992K, reserved 1122304K
  class space    used 10628K, capacity 11402K, committed 11520K, reserved 1048576K
}
Event: 49.200 GC heap before
{Heap before GC invocations=31 (full 0):
 garbage-first heap   total 131072K, used 110364K [0x00000000a0000000, 0x0000000100000000)
  region size 1024K, 28 young (28672K), 4 survivors (4096K)
 Metaspace       used 82771K, capacity 84990K, committed 85248K, reserved 1122304K
  class space    used 10636K, capacity 11413K, committed 11520K, reserved 1048576K
}
Event: 49.216 GC heap after
{Heap after GC invocations=32 (full 0):
 garbage-first heap   total 131072K, used 88361K [0x00000000a0000000, 0x0000000100000000)
  region size 1024K, 4 young (4096K), 4 survivors (4096K)
 Metaspace       used 82771K, capacity 84990K, committed 85248K, reserved 1122304K
  class space    used 10636K, capacity 11413K, committed 11520K, reserved 1048576K
}
Event: 50.151 GC heap before
{Heap before GC invocations=33 (full 0):
 garbage-first heap   total 131072K, used 110889K [0x00000000a0000000, 0x0000000100000000)
  region size 1024K, 27 young (27648K), 4 survivors (4096K)
 Metaspace       used 82951K, capacity 85145K, committed 85504K, reserved 1124352K
  class space    used 10640K, capacity 11416K, committed 11520K, reserved 1048576K
}
Event: 50.162 GC heap after
{Heap after GC invocations=34 (full 0):
 garbage-first heap   total 131072K, used 89990K [0x00000000a0000000, 0x0000000100000000)
  region size 1024K, 4 young (4096K), 4 survivors (4096K)
 Metaspace       used 82951K, capacity 85145K, committed 85504K, reserved 1124352K
  class space    used 10640K, capacity 11416K, committed 11520K, reserved 1048576K
}
Event: 51.115 GC heap before
{Heap before GC invocations=34 (full 0):
 garbage-first heap   total 131072K, used 110470K [0x00000000a0000000, 0x0000000100000000)
  region size 1024K, 25 young (25600K), 4 survivors (4096K)
 Metaspace       used 83184K, capacity 85365K, committed 85504K, reserved 1124352K
  class space    used 10652K, capacity 11417K, committed 11520K, reserved 1048576K
}
Event: 51.125 GC heap after
{Heap after GC invocations=35 (full 0):
 garbage-first heap   total 131072K, used 90986K [0x00000000a0000000, 0x0000000100000000)
  region size 1024K, 3 young (3072K), 3 survivors (3072K)
 Metaspace       used 83184K, capacity 85365K, committed 85504K, reserved 1124352K
  class space    used 10652K, capacity 11417K, committed 11520K, reserved 1048576K
}
Event: 52.912 GC heap before
{Heap before GC invocations=36 (full 0):
 garbage-first heap   total 131072K, used 112490K [0x00000000a0000000, 0x0000000100000000)
  region size 1024K, 24 young (24576K), 3 survivors (3072K)
 Metaspace       used 83993K, capacity 86144K, committed 86272K, reserved 1124352K
  class space    used 10706K, capacity 11477K, committed 11520K, reserved 1048576K
}
Event: 52.921 GC heap after
{Heap after GC invocations=37 (full 0):
 garbage-first heap   total 131072K, used 92432K [0x00000000a0000000, 0x0000000100000000)
  region size 1024K, 3 young (3072K), 3 survivors (3072K)
 Metaspace       used 83993K, capacity 86144K, committed 86272K, reserved 1124352K
  class space    used 10706K, capacity 11477K, committed 11520K, reserved 1048576K
}
Event: 55.229 GC heap before
{Heap before GC invocations=37 (full 0):
 garbage-first heap   total 131072K, used 112912K [0x00000000a0000000, 0x0000000100000000)
  region size 1024K, 23 young (23552K), 3 survivors (3072K)
 Metaspace       used 87034K, capacity 89325K, committed 89600K, reserved 1126400K
  class space    used 11155K, capacity 11960K, committed 12032K, reserved 1048576K
}
Event: 55.239 GC heap after
{Heap after GC invocations=38 (full 0):
 garbage-first heap   total 131072K, used 93627K [0x00000000a0000000, 0x0000000100000000)
  region size 1024K, 3 young (3072K), 3 survivors (3072K)
 Metaspace       used 87034K, capacity 89325K, committed 89600K, reserved 1126400K
  class space    used 11155K, capacity 11960K, committed 12032K, reserved 1048576K
}
Event: 56.020 GC heap before
{Heap before GC invocations=39 (full 0):
 garbage-first heap   total 131072K, used 113083K [0x00000000a0000000, 0x0000000100000000)
  region size 1024K, 22 young (22528K), 3 survivors (3072K)
 Metaspace       used 87759K, capacity 90084K, committed 90240K, reserved 1128448K
  class space    used 11230K, capacity 12059K, committed 12160K, reserved 1048576K
}
Event: 56.029 GC heap after
{Heap after GC invocations=40 (full 0):
 garbage-first heap   total 131072K, used 94268K [0x00000000a0000000, 0x0000000100000000)
  region size 1024K, 2 young (2048K), 2 survivors (2048K)
 Metaspace       used 87759K, capacity 90084K, committed 90240K, reserved 1128448K
  class space    used 11230K, capacity 12059K, committed 12160K, reserved 1048576K
}
Event: 58.541 GC heap before
{Heap before GC invocations=40 (full 0):
 garbage-first heap   total 131072K, used 113724K [0x00000000a0000000, 0x0000000100000000)
  region size 1024K, 21 young (21504K), 2 survivors (2048K)
 Metaspace       used 88812K, capacity 91120K, committed 91392K, reserved 1128448K
  class space    used 11322K, capacity 12187K, committed 12288K, reserved 1048576K
}
Event: 58.553 GC heap after
{Heap after GC invocations=41 (full 0):
 garbage-first heap   total 131072K, used 95589K [0x00000000a0000000, 0x0000000100000000)
  region size 1024K, 3 young (3072K), 3 survivors (3072K)
 Metaspace       used 88812K, capacity 91120K, committed 91392K, reserved 1128448K
  class space    used 11322K, capacity 12187K, committed 12288K, reserved 1048576K
}

Deoptimization events (20 events):
Event: 59.831 Thread 0x0000025600700000 Uncommon trap: trap_request=0x00000019 fr.pc=0x0000025672041458 relative=0x0000000000002278
Event: 59.831 Thread 0x0000025600700000 Uncommon trap: reason=unloaded action=reinterpret pc=0x0000025672041458 method=sun.reflect.generics.factory.CoreReflectionFactory.makeNamedType(Ljava/lang/String;)Ljava/lang/reflect/Type; @ 11 c2
Event: 59.831 Thread 0x0000025600700000 DEOPT PACKING pc=0x0000025672041458 sp=0x000000f7998f9220
Event: 59.831 Thread 0x0000025600700000 DEOPT UNPACKING pc=0x0000025669f878af sp=0x000000f7998f9188 mode 2
Event: 59.998 Thread 0x0000025600700000 Uncommon trap: trap_request=0xffffff4d fr.pc=0x0000025671dd0bd0 relative=0x00000000000002b0
Event: 59.998 Thread 0x0000025600700000 Uncommon trap: reason=unstable_if action=reinterpret pc=0x0000025671dd0bd0 method=java.util.StringTokenizer.scanToken(I)I @ 96 c2
Event: 59.998 Thread 0x0000025600700000 DEOPT PACKING pc=0x0000025671dd0bd0 sp=0x000000f7998f8780
Event: 59.998 Thread 0x0000025600700000 DEOPT UNPACKING pc=0x0000025669f878af sp=0x000000f7998f8720 mode 2
Event: 60.000 Thread 0x0000025600700000 Uncommon trap: trap_request=0xffffffde fr.pc=0x000002567200c034 relative=0x00000000000003b4
Event: 60.000 Thread 0x0000025600700000 Uncommon trap: reason=class_check action=maybe_recompile pc=0x000002567200c034 method=java.util.stream.ReferencePipeline.collect(Ljava/util/stream/Collector;)Ljava/lang/Object; @ 118 c2
Event: 60.000 Thread 0x0000025600700000 DEOPT PACKING pc=0x000002567200c034 sp=0x000000f7998f87f0
Event: 60.001 Thread 0x0000025600700000 DEOPT UNPACKING pc=0x0000025669f878af sp=0x000000f7998f87b8 mode 2
Event: 60.011 Thread 0x0000025600700000 Uncommon trap: trap_request=0xffffffde fr.pc=0x0000025671d423dc relative=0x0000000000000cbc
Event: 60.012 Thread 0x0000025600700000 Uncommon trap: reason=class_check action=maybe_recompile pc=0x0000025671d423dc method=java.util.Hashtable.put(Ljava/lang/Object;Ljava/lang/Object;)Ljava/lang/Object; @ 60 c2
Event: 60.012 Thread 0x0000025600700000 DEOPT PACKING pc=0x0000025671d423dc sp=0x000000f7998f8ff0
Event: 60.012 Thread 0x0000025600700000 DEOPT UNPACKING pc=0x0000025669f878af sp=0x000000f7998f8fc0 mode 2
Event: 60.012 Thread 0x0000025600700000 Uncommon trap: trap_request=0xffffffde fr.pc=0x0000025671d423dc relative=0x0000000000000cbc
Event: 60.012 Thread 0x0000025600700000 Uncommon trap: reason=class_check action=maybe_recompile pc=0x0000025671d423dc method=java.util.Hashtable.put(Ljava/lang/Object;Ljava/lang/Object;)Ljava/lang/Object; @ 60 c2
Event: 60.012 Thread 0x0000025600700000 DEOPT PACKING pc=0x0000025671d423dc sp=0x000000f7998f8ff0
Event: 60.012 Thread 0x0000025600700000 DEOPT UNPACKING pc=0x0000025669f878af sp=0x000000f7998f8fc0 mode 2

Classes redefined (0 events):
No events

Internal exceptions (20 events):
Event: 55.020 Thread 0x0000025600700000 Exception <a 'java/lang/NoSuchMethodError'{0x00000000a6fa5670}: 'void java.lang.invoke.DirectMethodHandle$Holder.invokeStaticInit(java.lang.Object, java.lang.Object, java.lang.Object, java.lang.Object, java.lang.Object)'> (0x00000000a6fa5670) thrown at [./src/hotspot/share/interpreter/linkResolver.cpp, line 773]
Event: 55.141 Thread 0x0000025600700000 Exception <a 'java/lang/NoSuchMethodError'{0x00000000a6d311b0}: 'java.lang.Object java.lang.invoke.DirectMethodHandle$Holder.invokeStatic(java.lang.Object, int, java.lang.Object, java.lang.Object)'> (0x00000000a6d311b0) thrown at [./src/hotspot/share/interpreter/linkResolver.cpp, line 773]
Event: 59.722 Thread 0x0000025600700000 Exception <a 'java/lang/NoSuchMethodError'{0x00000000a75183d8}: <clinit>> (0x00000000a75183d8) thrown at [./src/hotspot/share/prims/jni.cpp, line 1362]
Event: 59.807 Thread 0x0000025600700000 Exception <a 'java/lang/ClassNotFoundException'{0x00000000a724ff18}: org/gradle/api/internal/plugins/DefaultPluginContainerBeanInfo> (0x00000000a724ff18) thrown at [./src/hotspot/share/classfile/systemDictionary.cpp, line 231]
Event: 59.810 Thread 0x0000025600700000 Exception <a 'java/lang/ClassNotFoundException'{0x00000000a72653f8}: org/gradle/api/internal/plugins/DefaultPluginCollectionBeanInfo> (0x00000000a72653f8) thrown at [./src/hotspot/share/classfile/systemDictionary.cpp, line 231]
Event: 59.811 Thread 0x0000025600700000 Exception <a 'java/lang/ClassNotFoundException'{0x00000000a7279718}: org/gradle/api/internal/DefaultDomainObjectSetBeanInfo> (0x00000000a7279718) thrown at [./src/hotspot/share/classfile/systemDictionary.cpp, line 231]
Event: 59.812 Thread 0x0000025600700000 Exception <a 'java/lang/ClassNotFoundException'{0x00000000a728dac8}: org/gradle/api/internal/DefaultDomainObjectSetCustomizer> (0x00000000a728dac8) thrown at [./src/hotspot/share/classfile/systemDictionary.cpp, line 231]
Event: 59.819 Thread 0x0000025600700000 Exception <a 'java/lang/ClassNotFoundException'{0x00000000a72b10c0}: org/gradle/api/internal/plugins/DefaultPluginCollectionCustomizer> (0x00000000a72b10c0) thrown at [./src/hotspot/share/classfile/systemDictionary.cpp, line 231]
Event: 59.824 Thread 0x0000025600700000 Exception <a 'java/lang/ClassNotFoundException'{0x00000000a72eb700}: org/gradle/api/internal/plugins/DefaultPluginContainerCustomizer> (0x00000000a72eb700) thrown at [./src/hotspot/share/classfile/systemDictionary.cpp, line 231]
Event: 59.833 Thread 0x0000025600700000 Exception <a 'java/lang/ClassNotFoundException'{0x00000000a715d628}: org/gradle/plugins/ide/idea/IdeaPluginBeanInfo> (0x00000000a715d628) thrown at [./src/hotspot/share/classfile/systemDictionary.cpp, line 231]
Event: 59.835 Thread 0x0000025600700000 Exception <a 'java/lang/ClassNotFoundException'{0x00000000a717b898}: org/gradle/plugins/ide/internal/IdePluginBeanInfo> (0x00000000a717b898) thrown at [./src/hotspot/share/classfile/systemDictionary.cpp, line 231]
Event: 59.837 Thread 0x0000025600700000 Exception <a 'java/lang/ClassNotFoundException'{0x00000000a719b280}: org/gradle/plugins/ide/internal/IdePluginCustomizer> (0x00000000a719b280) thrown at [./src/hotspot/share/classfile/systemDictionary.cpp, line 231]
Event: 59.839 Thread 0x0000025600700000 Exception <a 'java/lang/ClassNotFoundException'{0x00000000a71c3920}: org/gradle/plugins/ide/idea/IdeaPluginCustomizer> (0x00000000a71c3920) thrown at [./src/hotspot/share/classfile/systemDictionary.cpp, line 231]
Event: 59.847 Thread 0x0000025600700000 Exception <a 'java/lang/ClassNotFoundException'{0x00000000a7017170}: org/gradle/plugins/ide/idea/model/IdeaModel_DecoratedBeanInfo> (0x00000000a7017170) thrown at [./src/hotspot/share/classfile/systemDictionary.cpp, line 231]
Event: 59.848 Thread 0x0000025600700000 Exception <a 'java/lang/ClassNotFoundException'{0x00000000a7036c08}: org/gradle/plugins/ide/idea/model/IdeaModelBeanInfo> (0x00000000a7036c08) thrown at [./src/hotspot/share/classfile/systemDictionary.cpp, line 231]
Event: 59.852 Thread 0x0000025600700000 Exception <a 'java/lang/ClassNotFoundException'{0x00000000a70569a8}: org/gradle/plugins/ide/idea/model/IdeaModelCustomizer> (0x00000000a70569a8) thrown at [./src/hotspot/share/classfile/systemDictionary.cpp, line 231]
Event: 59.854 Thread 0x0000025600700000 Exception <a 'java/lang/ClassNotFoundException'{0x00000000a70881f8}: org/gradle/plugins/ide/idea/model/IdeaModel_DecoratedCustomizer> (0x00000000a70881f8) thrown at [./src/hotspot/share/classfile/systemDictionary.cpp, line 231]
Event: 59.916 Thread 0x0000025600700000 Exception <a 'java/lang/ClassNotFoundException'{0x00000000a70d90b8}: org/jetbrains/plugins/gradle/tooling/util/JavaPluginUtilBeanInfo> (0x00000000a70d90b8) thrown at [./src/hotspot/share/classfile/systemDictionary.cpp, line 231]
Event: 59.917 Thread 0x0000025600700000 Exception <a 'java/lang/ClassNotFoundException'{0x00000000a70ea160}: org/jetbrains/plugins/gradle/tooling/util/JavaPluginUtilCustomizer> (0x00000000a70ea160) thrown at [./src/hotspot/share/classfile/systemDictionary.cpp, line 231]
Event: 59.981 Thread 0x0000025600700000 Exception <a 'java/lang/IncompatibleClassChangeError'{0x00000000a6fbb990}: Found class java.lang.Object, but interface was expected> (0x00000000a6fbb990) thrown at [./src/hotspot/share/interpreter/linkResolver.cpp, line 839]

Events (20 events):
Event: 60.009 loading class org/apache/tools/ant/property/PropertyExpander
Event: 60.009 loading class org/apache/tools/ant/property/PropertyExpander done
Event: 60.009 loading class org/apache/tools/ant/PropertyHelper$2
Event: 60.009 loading class org/apache/tools/ant/PropertyHelper$2 done
Event: 60.011 Executing VM operation: RevokeBias
Event: 60.011 Executing VM operation: RevokeBias done
Event: 60.012 loading class org/apache/tools/ant/PropertyHelper$PropertySetter
Event: 60.012 loading class org/apache/tools/ant/PropertyHelper$PropertySetter done
Event: 60.014 loading class org/apache/tools/ant/Main
Event: 60.014 loading class org/apache/tools/ant/Main done
Event: 60.016 loading class org/apache/tools/ant/launch/AntMain
Event: 60.016 loading class org/apache/tools/ant/launch/AntMain done
Event: 60.019 loading class org/apache/tools/ant/property/GetProperty
Event: 60.019 loading class org/apache/tools/ant/property/GetProperty done
Event: 60.020 loading class org/apache/tools/ant/launch/Locator
Event: 60.020 loading class org/apache/tools/ant/launch/Locator done
Event: 60.022 loading class java/text/CharacterIterator
Event: 60.022 loading class java/text/CharacterIterator done
Event: 60.023 loading class org/apache/tools/ant/ComponentHelper
Event: 60.023 loading class org/apache/tools/ant/ComponentHelper done


Dynamic libraries:
0x00007ff72aaf0000 - 0x00007ff72aafa000 	C:\Program Files\Android\Android Studio\jre\bin\java.exe
0x00007ffa458f0000 - 0x00007ffa45ae5000 	C:\WINDOWS\SYSTEM32\ntdll.dll
0x00007ffa44840000 - 0x00007ffa448fe000 	C:\WINDOWS\System32\KERNEL32.DLL
0x00007ffa43230000 - 0x00007ffa434f8000 	C:\WINDOWS\System32\KERNELBASE.dll
0x00007ffa40830000 - 0x00007ffa408c0000 	C:\WINDOWS\SYSTEM32\apphelp.dll
0x00007ffa43660000 - 0x00007ffa43760000 	C:\WINDOWS\System32\ucrtbase.dll
0x00007ffa25770000 - 0x00007ffa25789000 	C:\Program Files\Android\Android Studio\jre\bin\jli.dll
0x00007ffa25a00000 - 0x00007ffa25a17000 	C:\Program Files\Android\Android Studio\jre\bin\VCRUNTIME140.dll
0x00007ffa44630000 - 0x00007ffa447d1000 	C:\WINDOWS\System32\USER32.dll
0x00007ffa43200000 - 0x00007ffa43222000 	C:\WINDOWS\System32\win32u.dll
0x00007ffa2e1e0000 - 0x00007ffa2e47a000 	C:\WINDOWS\WinSxS\amd64_microsoft.windows.common-controls_6595b64144ccf1df_6.0.19041.1110_none_60b5254171f9507e\COMCTL32.dll
0x00007ffa43e00000 - 0x00007ffa43e2b000 	C:\WINDOWS\System32\GDI32.dll
0x00007ffa43c60000 - 0x00007ffa43cfe000 	C:\WINDOWS\System32\msvcrt.dll
0x00007ffa43060000 - 0x00007ffa4316d000 	C:\WINDOWS\System32\gdi32full.dll
0x00007ffa437e0000 - 0x00007ffa4387d000 	C:\WINDOWS\System32\msvcp_win.dll
0x00007ffa43d00000 - 0x00007ffa43d30000 	C:\WINDOWS\System32\IMM32.DLL
0x00007ffa13a00000 - 0x00007ffa13a9d000 	C:\Program Files\Android\Android Studio\jre\bin\msvcp140.dll
0x00007ffa0c4d0000 - 0x00007ffa0cf9f000 	C:\Program Files\Android\Android Studio\jre\bin\server\jvm.dll
0x00007ffa43ab0000 - 0x00007ffa43b5c000 	C:\WINDOWS\System32\ADVAPI32.dll
0x00007ffa44340000 - 0x00007ffa443db000 	C:\WINDOWS\System32\sechost.dll
0x00007ffa45780000 - 0x00007ffa458aa000 	C:\WINDOWS\System32\RPCRT4.dll
0x00007ffa44900000 - 0x00007ffa44908000 	C:\WINDOWS\System32\PSAPI.DLL
0x00007ffa2c820000 - 0x00007ffa2c829000 	C:\WINDOWS\SYSTEM32\WSOCK32.dll
0x00007ffa34fc0000 - 0x00007ffa34fca000 	C:\WINDOWS\SYSTEM32\VERSION.dll
0x00007ffa2ffa0000 - 0x00007ffa2ffc7000 	C:\WINDOWS\SYSTEM32\WINMM.dll
0x00007ffa44400000 - 0x00007ffa4446b000 	C:\WINDOWS\System32\WS2_32.dll
0x00007ffa40ef0000 - 0x00007ffa40f02000 	C:\WINDOWS\SYSTEM32\kernel.appcore.dll
0x00007ffa32f20000 - 0x00007ffa32f31000 	C:\Program Files\Android\Android Studio\jre\bin\verify.dll
0x00007ffa3c1c0000 - 0x00007ffa3c3a4000 	C:\WINDOWS\SYSTEM32\DBGHELP.DLL
0x00007ffa3c190000 - 0x00007ffa3c1bc000 	C:\WINDOWS\SYSTEM32\dbgcore.DLL
0x00007ffa43170000 - 0x00007ffa431f2000 	C:\WINDOWS\System32\bcryptPrimitives.dll
0x00007ffa32ef0000 - 0x00007ffa32f19000 	C:\Program Files\Android\Android Studio\jre\bin\java.dll
0x00007ffa32ee0000 - 0x00007ffa32eeb000 	C:\Program Files\Android\Android Studio\jre\bin\jimage.dll
0x00007ffa32ec0000 - 0x00007ffa32ed8000 	C:\Program Files\Android\Android Studio\jre\bin\zip.dll
0x00007ffa44e40000 - 0x00007ffa45584000 	C:\WINDOWS\System32\SHELL32.dll
0x00007ffa410f0000 - 0x00007ffa41884000 	C:\WINDOWS\SYSTEM32\windows.storage.dll
0x00007ffa43e30000 - 0x00007ffa44185000 	C:\WINDOWS\System32\combase.dll
0x00007ffa42a50000 - 0x00007ffa42a7e000 	C:\WINDOWS\SYSTEM32\Wldp.dll
0x00007ffa45590000 - 0x00007ffa4563d000 	C:\WINDOWS\System32\SHCORE.dll
0x00007ffa45640000 - 0x00007ffa45695000 	C:\WINDOWS\System32\shlwapi.dll
0x00007ffa42f40000 - 0x00007ffa42f5f000 	C:\WINDOWS\SYSTEM32\profapi.dll
0x00007ffa32d50000 - 0x00007ffa32d6a000 	C:\Program Files\Android\Android Studio\jre\bin\net.dll
0x00007ffa38a30000 - 0x00007ffa38b3c000 	C:\WINDOWS\SYSTEM32\WINHTTP.dll
0x00007ffa427b0000 - 0x00007ffa4281a000 	C:\WINDOWS\system32\mswsock.dll
0x00007ffa32d30000 - 0x00007ffa32d44000 	C:\Program Files\Android\Android Studio\jre\bin\nio.dll
0x00007ffa25840000 - 0x00007ffa25867000 	C:\Users\ivanm\.gradle\native\49d0259a56938c7f99b2704e745ce422c4f750a7a20b539a32ccef96729676b1\windows-amd64\native-platform.dll
0x00007ffa10110000 - 0x00007ffa102a1000 	C:\Users\ivanm\.gradle\native\12488b8bf47d2d4c9fbf2f6322a914ad602e24e48041cd04a747c6da556b65c4\windows-amd64\native-platform-file-events.dll
0x00007ffa31aa0000 - 0x00007ffa31aaa000 	C:\Program Files\Android\Android Studio\jre\bin\management.dll
0x00007ffa2c1b0000 - 0x00007ffa2c1bc000 	C:\Program Files\Android\Android Studio\jre\bin\management_ext.dll
0x00007ffa429a0000 - 0x00007ffa429b8000 	C:\WINDOWS\SYSTEM32\CRYPTSP.dll
0x00007ffa420c0000 - 0x00007ffa420f4000 	C:\WINDOWS\system32\rsaenh.dll
0x00007ffa437b0000 - 0x00007ffa437d7000 	C:\WINDOWS\System32\bcrypt.dll
0x00007ffa42ec0000 - 0x00007ffa42eee000 	C:\WINDOWS\SYSTEM32\USERENV.dll
0x00007ffa429c0000 - 0x00007ffa429cc000 	C:\WINDOWS\SYSTEM32\CRYPTBASE.dll
0x00007ffa42450000 - 0x00007ffa4248b000 	C:\WINDOWS\SYSTEM32\IPHLPAPI.DLL
0x00007ffa43c50000 - 0x00007ffa43c58000 	C:\WINDOWS\System32\NSI.dll
0x00007ffa3cbf0000 - 0x00007ffa3cc07000 	C:\WINDOWS\SYSTEM32\dhcpcsvc6.DLL
0x00007ffa3d1c0000 - 0x00007ffa3d1dd000 	C:\WINDOWS\SYSTEM32\dhcpcsvc.DLL
0x00007ffa42490000 - 0x00007ffa4255b000 	C:\WINDOWS\SYSTEM32\DNSAPI.dll

dbghelp: loaded successfully - version: 4.0.5 - missing functions: none
symbol engine: initialized successfully - sym options: 0x614 - pdb path: .;C:\Program Files\Android\Android Studio\jre\bin;C:\WINDOWS\SYSTEM32;C:\WINDOWS\WinSxS\amd64_microsoft.windows.common-controls_6595b64144ccf1df_6.0.19041.1110_none_60b5254171f9507e;C:\Program Files\Android\Android Studio\jre\bin\server;C:\Users\ivanm\.gradle\native\49d0259a56938c7f99b2704e745ce422c4f750a7a20b539a32ccef96729676b1\windows-amd64;C:\Users\ivanm\.gradle\native\12488b8bf47d2d4c9fbf2f6322a914ad602e24e48041cd04a747c6da556b65c4\windows-amd64

VM Arguments:
jvm_args: --add-opens=java.base/java.util=ALL-UNNAMED --add-opens=java.base/java.lang=ALL-UNNAMED --add-opens=java.base/java.lang.invoke=ALL-UNNAMED --add-opens=java.prefs/java.util.prefs=ALL-UNNAMED -Xmx1536m -Dfile.encoding=windows-1252 -Duser.country=BR -Duser.language=pt -Duser.variant 
java_command: org.gradle.launcher.daemon.bootstrap.GradleDaemon 6.9
java_class_path (initial): C:\Users\ivanm\.gradle\wrapper\dists\gradle-6.9-bin\2ecsmyp3bolyybemj56vfn4mt\gradle-6.9\lib\gradle-launcher-6.9.jar
Launcher Type: SUN_STANDARD

[Global flags]
     intx CICompilerCount                          = 3                                         {product} {ergonomic}
     uint ConcGCThreads                            = 1                                         {product} {ergonomic}
     uint G1ConcRefinementThreads                  = 4                                         {product} {ergonomic}
   size_t G1HeapRegionSize                         = 1048576                                   {product} {ergonomic}
    uintx GCDrainStackTargetSize                   = 64                                        {product} {ergonomic}
   size_t InitialHeapSize                          = 134217728                                 {product} {ergonomic}
   size_t MarkStackSize                            = 4194304                                   {product} {ergonomic}
   size_t MaxHeapSize                              = 1610612736                                {product} {command line}
   size_t MaxNewSize                               = 965738496                                 {product} {ergonomic}
   size_t MinHeapDeltaBytes                        = 1048576                                   {product} {ergonomic}
    uintx NonNMethodCodeHeapSize                   = 5830732                                {pd product} {ergonomic}
    uintx NonProfiledCodeHeapSize                  = 122913754                              {pd product} {ergonomic}
    uintx ProfiledCodeHeapSize                     = 122913754                              {pd product} {ergonomic}
    uintx ReservedCodeCacheSize                    = 251658240                              {pd product} {ergonomic}
     bool SegmentedCodeCache                       = true                                      {product} {ergonomic}
     bool UseCompressedClassPointers               = true                                 {lp64_product} {ergonomic}
     bool UseCompressedOops                        = true                                 {lp64_product} {ergonomic}
     bool UseG1GC                                  = true                                      {product} {ergonomic}
     bool UseLargePagesIndividualAllocation        = false                                  {pd product} {ergonomic}

Logging:
Log output configuration:
 #0: stdout all=warning uptime,level,tags
 #1: stderr all=off uptime,level,tags

Environment Variables:
PATH=C:\Program Files (x86)\Intel\iCLS Client\;C:\Program Files\Intel\iCLS Client\;C:\windows\system32;C:\windows;C:\windows\System32\Wbem;C:\windows\System32\WindowsPowerShell\v1.0\;C:\Program Files (x86)\NVIDIA Corporation\PhysX\Common;C:\Program Files (x86)\Intel\Intel(R) Management Engine Components\DAL;C:\Program Files\Intel\Intel(R) Management Engine Components\DAL;C:\Program Files (x86)\Intel\Intel(R) Management Engine Components\IPT;C:\Program Files\Intel\Intel(R) Management Engine Components\IPT;C:\WINDOWS\system32;C:\WINDOWS;C:\WINDOWS\System32\Wbem;C:\WINDOWS\System32\WindowsPowerShell\v1.0\;C:\WINDOWS\System32\OpenSSH\;C:\Program Files\Git\cmd;C:\WINDOWS\system32;C:\WINDOWS;C:\WINDOWS\System32\Wbem;C:\WINDOWS\System32\WindowsPowerShell\v1.0\;C:\MingGW\bin;C:\Program Files\MySQL\MySQL Utilities 1.6\;C:\Program Files\MySQL\MySQL Shell 8.0\bin\;C:\Program Files\NVIDIA Corporation\NVIDIA NvDLISR;C:\Users\ivanm\AppData\Local\Apps\2.0\HC44P0JX.GQQ\D87XVLZV.LX8\tool..tion_5e5355aaea7379a3_0002.0000_05a68044e802c429;C:\adb /m 2>>C:\Users\ivanm\Desktop\adb-installer.log;C:\MinGW\bin;C:\Users\ivanm\AppData\Local\Programs\Microsoft VS Code\bin
USERNAME=ivanm
OS=Windows_NT
PROCESSOR_IDENTIFIER=Intel64 Family 6 Model 61 Stepping 4, GenuineIntel



---------------  S Y S T E M  ---------------

OS: Windows 10 , 64 bit Build 19041 (10.0.19041.1348)
OS uptime: 0 days 0:57 hours

CPU:total 4 (initial active 4) (2 cores per cpu, 2 threads per core) family 6 model 61 stepping 4 microcode 0x2d, cmov, cx8, fxsr, mmx, sse, sse2, sse3, ssse3, sse4.1, sse4.2, popcnt, avx, avx2, aes, clmul, erms, 3dnowpref, lzcnt, ht, tsc, tscinvbit, bmi1, bmi2, adx, fma

Memory: 4k page, system-wide physical 8090M (499M free)
TotalPageFile size 8090M (AvailPageFile size 117M)
current process WorkingSet (physical memory assigned to process): 424M, peak: 424M
current process commit charge ("private bytes"): 458M, peak: 458M

vm_info: OpenJDK 64-Bit Server VM (11.0.10+0-b96-7249189) for windows-amd64 JRE (11.0.10+0-b96-7249189), built on Mar 31 2021 21:44:00 by "builder" with MS VC++ 14.0 (VS2015)

END.
